Arguments: 
  /usr/local/Cellar/node/6.3.0/bin/node /usr/local/bin/yarn add todomvc-app-css

PATH: 
  /Users/Lilo/.rvm/gems/ruby-2.3.0/bin:/Users/Lilo/.rvm/gems/ruby-2.3.0@global/bin:/Users/Lilo/.rvm/rubies/ruby-2.3.0/bin:/usr/local/sbin:/Users/Lilo/.composer/vendor/bin:/usr/local/bin:/usr/bin:/bin:/usr/sbin:/sbin:/Users/Lilo/.rvm/bin:/Users/Lilo/.rvm/bin

Yarn version: 
  0.16.1

Node version: 
  6.3.0

Platform: 
  darwin x64

npm manifest: 
  {
    "name": "todo",
    "private": true,
    "dependencies": {
      "angular": "^1.5.8",
      "jquery": "~3.1.0",
      "jquery-ujs": "~1.2.2",
      "todomvc-common": "^1.0.2"
    }
  }

yarn manifest: 
  No manifest

bower manifest: 
  No manifest

Lockfile: 
  # THIS IS AN AUTOGENERATED FILE. DO NOT EDIT THIS FILE DIRECTLY.
  # yarn lockfile v1
  angular:
    version "1.5.8"
    resolved "https://registry.yarnpkg.com/angular/-/angular-1.5.8.tgz#925a5392b8c212d09572dc446db7e01264e094cb"
  
  jquery-ujs@~1.2.2:
    version "1.2.2"
    resolved "https://registry.yarnpkg.com/jquery-ujs/-/jquery-ujs-1.2.2.tgz#6a8ef1020e6b6dda385b90a4bddc128c21c56397"
    dependencies:
      jquery ">=1.8.0"
  
  jquery@>=1.8.0, jquery@~3.1.0:
    version "3.1.1"
    resolved "https://registry.yarnpkg.com/jquery/-/jquery-3.1.1.tgz#347c1c21c7e004115e0a4da32cece041fad3c8a3"
  
  todomvc-common:
    version "1.0.2"
    resolved "https://registry.yarnpkg.com/todomvc-common/-/todomvc-common-1.0.2.tgz#eb3ab61281ac74809f5869c917c7b08bc84234e0"

Trace: 
  Error: unable to verify the first certificate
      at Error (native)
      at TLSSocket.<anonymous> (_tls_wrap.js:1060:38)
      at emitNone (events.js:86:13)
      at TLSSocket.emit (events.js:185:7)
      at TLSSocket._finishInit (_tls_wrap.js:584:8)
      at TLSWrap.ssl.onhandshakedone (_tls_wrap.js:416:38)
